<?xml version="1.0" encoding="UTF-8"?>
<coverage generated="1505043878100" clover="3.2.0">
  <project timestamp="1505043878100" name="All files">
    <metrics statements="62" coveredstatements="35" conditionals="12" coveredconditionals="2" methods="26" coveredmethods="10" elements="100" coveredelements="47" complexity="0" loc="62" ncloc="62" packages="2" files="6" classes="6">
      <package name="cart">
        <metrics statements="22" coveredstatements="8" conditionals="12" coveredconditionals="2" methods="5" coveredmethods="1"/>
        <file name="ActionTypes.js" path="D:\Kamal\reactappKJ\src\app\cart\ActionTypes.js">
          <metrics statements="4" coveredstatements="4" conditionals="0" coveredconditionals="0" methods="0" coveredmethods="0"/>
          <line num="1" count="1" type="stmt"/>
          <line num="2" count="1" type="stmt"/>
          <line num="3" count="1" type="stmt"/>
          <line num="4" count="1" type="stmt"/>
        </file>
        <file name="Reducer.js" path="D:\Kamal\reactappKJ\src\app\cart\Reducer.js">
          <metrics statements="18" coveredstatements="4" conditionals="12" coveredconditionals="2" methods="5" coveredmethods="1"/>
          <line num="3" count="1" type="stmt"/>
          <line num="6" count="2" type="stmt"/>
          <line num="8" count="2" type="cond" truecount="1" falsecount="4"/>
          <line num="10" count="0" type="stmt"/>
          <line num="11" count="0" type="cond" truecount="0" falsecount="2"/>
          <line num="12" count="0" type="stmt"/>
          <line num="15" count="0" type="stmt"/>
          <line num="16" count="0" type="cond" truecount="0" falsecount="2"/>
          <line num="17" count="0" type="stmt"/>
          <line num="19" count="0" type="stmt"/>
          <line num="24" count="0" type="stmt"/>
          <line num="28" count="0" type="stmt"/>
          <line num="29" count="0" type="cond" truecount="0" falsecount="2"/>
          <line num="30" count="0" type="stmt"/>
          <line num="31" count="0" type="stmt"/>
          <line num="32" count="0" type="stmt"/>
          <line num="37" count="0" type="stmt"/>
          <line num="41" count="2" type="stmt"/>
        </file>
      </package>
      <package name="cart.components">
        <metrics statements="40" coveredstatements="27" conditionals="0" coveredconditionals="0" methods="21" coveredmethods="9"/>
        <file name="Cart.js" path="D:\Kamal\reactappKJ\src\app\cart\components\Cart.js">
          <metrics statements="15" coveredstatements="8" conditionals="0" coveredconditionals="0" methods="10" coveredmethods="3"/>
          <line num="12" count="3" type="stmt"/>
          <line num="14" count="3" type="stmt"/>
          <line num="16" count="3" type="stmt"/>
          <line num="21" count="0" type="stmt"/>
          <line num="29" count="0" type="stmt"/>
          <line num="38" count="1" type="stmt"/>
          <line num="44" count="0" type="stmt"/>
          <line num="51" count="3" type="stmt"/>
          <line num="53" count="3" type="stmt"/>
          <line num="57" count="0" type="stmt"/>
          <line num="62" count="0" type="stmt"/>
          <line num="68" count="0" type="stmt"/>
          <line num="69" count="0" type="stmt"/>
          <line num="81" count="1" type="stmt"/>
          <line num="85" count="1" type="stmt"/>
        </file>
        <file name="CartItem.js" path="D:\Kamal\reactappKJ\src\app\cart\components\CartItem.js">
          <metrics statements="13" coveredstatements="7" conditionals="0" coveredconditionals="0" methods="8" coveredmethods="3"/>
          <line num="13" count="2" type="stmt"/>
          <line num="15" count="2" type="stmt"/>
          <line num="25" count="0" type="stmt"/>
          <line num="26" count="0" type="stmt"/>
          <line num="34" count="2" type="stmt"/>
          <line num="43" count="2" type="stmt"/>
          <line num="45" count="2" type="stmt"/>
          <line num="53" count="0" type="stmt"/>
          <line num="54" count="0" type="stmt"/>
          <line num="64" count="0" type="stmt"/>
          <line num="71" count="0" type="stmt"/>
          <line num="81" count="1" type="stmt"/>
          <line num="85" count="1" type="stmt"/>
        </file>
        <file name="CartList.js" path="D:\Kamal\reactappKJ\src\app\cart\components\CartList.js">
          <metrics statements="7" coveredstatements="7" conditionals="0" coveredconditionals="0" methods="2" coveredmethods="2"/>
          <line num="8" count="3" type="stmt"/>
          <line num="10" count="3" type="stmt"/>
          <line num="12" count="3" type="stmt"/>
          <line num="13" count="2" type="stmt"/>
          <line num="20" count="3" type="stmt"/>
          <line num="42" count="1" type="stmt"/>
          <line num="46" count="1" type="stmt"/>
        </file>
        <file name="CartSummary.js" path="D:\Kamal\reactappKJ\src\app\cart\components\CartSummary.js">
          <metrics statements="5" coveredstatements="5" conditionals="0" coveredconditionals="0" methods="1" coveredmethods="1"/>
          <line num="6" count="3" type="stmt"/>
          <line num="7" count="3" type="stmt"/>
          <line num="14" count="1" type="stmt"/>
          <line num="18" count="1" type="stmt"/>
          <line num="22" count="1" type="stmt"/>
        </file>
      </package>
    </metrics>
  </project>
</coverage>
