{"D:\\Kamal\\reactappKJ\\src\\app\\cart\\ActionTypes.js": {"path":"D:\\Kamal\\reactappKJ\\src\\app\\cart\\ActionTypes.js","statementMap":{"0":{"start":{"line":1,"column":32},"end":{"line":1,"column":55}},"1":{"start":{"line":2,"column":37},"end":{"line":2,"column":60}},"2":{"start":{"line":3,"column":26},"end":{"line":3,"column":38}},"3":{"start":{"line":4,"column":27},"end":{"line":4,"column":40}}},"fnMap":{},"branchMap":{},"s":{"0":1,"1":1,"2":1,"3":1},"f":{},"b":{},"_coverageSchema":"332fd63041d2c1bcb487cc26dd0d5f7d97098a6c","hash":"590f74031039ca116afbdd9f1cf44a76b96d0370"}
,"D:\\Kamal\\reactappKJ\\src\\app\\cart\\Reducer.js": {"path":"D:\\Kamal\\reactappKJ\\src\\app\\cart\\Reducer.js","statementMap":{"0":{"start":{"line":3,"column":22},"end":{"line":3,"column":24}},"1":{"start":{"line":6,"column":4},"end":{"line":6,"column":47}},"2":{"start":{"line":8,"column":4},"end":{"line":45,"column":5}},"3":{"start":{"line":10,"column":23},"end":{"line":10,"column":69}},"4":{"start":{"line":10,"column":43},"end":{"line":10,"column":68}},"5":{"start":{"line":11,"column":12},"end":{"line":13,"column":13}},"6":{"start":{"line":12,"column":16},"end":{"line":12,"column":46}},"7":{"start":{"line":15,"column":12},"end":{"line":20,"column":14}},"8":{"start":{"line":16,"column":16},"end":{"line":17,"column":32}},"9":{"start":{"line":17,"column":20},"end":{"line":17,"column":32}},"10":{"start":{"line":19,"column":16},"end":{"line":19,"column":82}},"11":{"start":{"line":24,"column":12},"end":{"line":24,"column":62}},"12":{"start":{"line":24,"column":41},"end":{"line":24,"column":61}},"13":{"start":{"line":28,"column":12},"end":{"line":33,"column":14}},"14":{"start":{"line":29,"column":16},"end":{"line":30,"column":36}},"15":{"start":{"line":30,"column":24},"end":{"line":30,"column":36}},"16":{"start":{"line":31,"column":28},"end":{"line":31,"column":51}},"17":{"start":{"line":32,"column":16},"end":{"line":32,"column":73}},"18":{"start":{"line":37,"column":12},"end":{"line":37,"column":21}},"19":{"start":{"line":41,"column":12},"end":{"line":41,"column":25}}},"fnMap":{"0":{"name":"cartReducer","decl":{"start":{"line":5,"column":24},"end":{"line":5,"column":35}},"loc":{"start":{"line":5,"column":66},"end":{"line":46,"column":1}},"line":5},"1":{"name":"(anonymous_1)","decl":{"start":{"line":10,"column":35},"end":{"line":10,"column":36}},"loc":{"start":{"line":10,"column":43},"end":{"line":10,"column":68}},"line":10},"2":{"name":"(anonymous_2)","decl":{"start":{"line":15,"column":31},"end":{"line":15,"column":32}},"loc":{"start":{"line":15,"column":39},"end":{"line":20,"column":13}},"line":15},"3":{"name":"(anonymous_3)","decl":{"start":{"line":24,"column":33},"end":{"line":24,"column":34}},"loc":{"start":{"line":24,"column":41},"end":{"line":24,"column":61}},"line":24},"4":{"name":"(anonymous_4)","decl":{"start":{"line":28,"column":30},"end":{"line":28,"column":31}},"loc":{"start":{"line":28,"column":38},"end":{"line":33,"column":13}},"line":28}},"branchMap":{"0":{"loc":{"start":{"line":5,"column":36},"end":{"line":5,"column":57}},"type":"default-arg","locations":[{"start":{"line":5,"column":44},"end":{"line":5,"column":57}}],"line":5},"1":{"loc":{"start":{"line":8,"column":4},"end":{"line":45,"column":5}},"type":"switch","locations":[{"start":{"line":9,"column":8},"end":{"line":21,"column":9}},{"start":{"line":23,"column":8},"end":{"line":25,"column":9}},{"start":{"line":27,"column":8},"end":{"line":34,"column":9}},{"start":{"line":36,"column":8},"end":{"line":38,"column":9}},{"start":{"line":40,"column":8},"end":{"line":41,"column":25}}],"line":8},"2":{"loc":{"start":{"line":11,"column":12},"end":{"line":13,"column":13}},"type":"if","locations":[{"start":{"line":11,"column":12},"end":{"line":13,"column":13}},{"start":{"line":11,"column":12},"end":{"line":13,"column":13}}],"line":11},"3":{"loc":{"start":{"line":16,"column":16},"end":{"line":17,"column":32}},"type":"if","locations":[{"start":{"line":16,"column":16},"end":{"line":17,"column":32}},{"start":{"line":16,"column":16},"end":{"line":17,"column":32}}],"line":16},"4":{"loc":{"start":{"line":29,"column":16},"end":{"line":30,"column":36}},"type":"if","locations":[{"start":{"line":29,"column":16},"end":{"line":30,"column":36}},{"start":{"line":29,"column":16},"end":{"line":30,"column":36}}],"line":29}},"s":{"0":1,"1":2,"2":2,"3":0,"4":0,"5":0,"6":0,"7":0,"8":0,"9":0,"10":0,"11":0,"12":0,"13":0,"14":0,"15":0,"16":0,"17":0,"18":0,"19":2},"f":{"0":2,"1":0,"2":0,"3":0,"4":0},"b":{"0":[1],"1":[0,0,0,0,2],"2":[0,0],"3":[0,0],"4":[0,0]},"_coverageSchema":"332fd63041d2c1bcb487cc26dd0d5f7d97098a6c","hash":"b3dcff54da0b262d653c43949fca021a3af5c5b4"}
,"D:\\Kamal\\reactappKJ\\src\\app\\cart\\components\\Cart.js": {"path":"D:\\Kamal\\reactappKJ\\src\\app\\cart\\components\\Cart.js","statementMap":{"0":{"start":{"line":12,"column":8},"end":{"line":12,"column":21}},"1":{"start":{"line":14,"column":8},"end":{"line":14,"column":46}},"2":{"start":{"line":16,"column":8},"end":{"line":16,"column":21}},"3":{"start":{"line":21,"column":20},"end":{"line":27,"column":9}},"4":{"start":{"line":29,"column":8},"end":{"line":29,"column":33}},"5":{"start":{"line":38,"column":12},"end":{"line":38,"column":46}},"6":{"start":{"line":44,"column":12},"end":{"line":44,"column":50}},"7":{"start":{"line":51,"column":8},"end":{"line":51,"column":40}},"8":{"start":{"line":53,"column":8},"end":{"line":76,"column":9}},"9":{"start":{"line":57,"column":35},"end":{"line":57,"column":49}},"10":{"start":{"line":62,"column":35},"end":{"line":62,"column":47}},"11":{"start":{"line":68,"column":46},"end":{"line":68,"column":69}},"12":{"start":{"line":69,"column":41},"end":{"line":69,"column":60}},"13":{"start":{"line":81,"column":0},"end":{"line":83,"column":1}},"14":{"start":{"line":85,"column":0},"end":{"line":87,"column":1}}},"fnMap":{"0":{"name":"(anonymous_0)","decl":{"start":{"line":10,"column":4},"end":{"line":10,"column":5}},"loc":{"start":{"line":10,"column":23},"end":{"line":17,"column":5}},"line":10},"1":{"name":"(anonymous_1)","decl":{"start":{"line":19,"column":4},"end":{"line":19,"column":5}},"loc":{"start":{"line":19,"column":14},"end":{"line":30,"column":5}},"line":19},"2":{"name":"(anonymous_2)","decl":{"start":{"line":32,"column":4},"end":{"line":32,"column":5}},"loc":{"start":{"line":32,"column":12},"end":{"line":34,"column":5}},"line":32},"3":{"name":"(anonymous_3)","decl":{"start":{"line":36,"column":4},"end":{"line":36,"column":5}},"loc":{"start":{"line":36,"column":19},"end":{"line":40,"column":5}},"line":36},"4":{"name":"(anonymous_4)","decl":{"start":{"line":42,"column":4},"end":{"line":42,"column":5}},"loc":{"start":{"line":42,"column":23},"end":{"line":46,"column":5}},"line":42},"5":{"name":"(anonymous_5)","decl":{"start":{"line":50,"column":4},"end":{"line":50,"column":5}},"loc":{"start":{"line":50,"column":13},"end":{"line":77,"column":5}},"line":50},"6":{"name":"(anonymous_6)","decl":{"start":{"line":57,"column":29},"end":{"line":57,"column":30}},"loc":{"start":{"line":57,"column":35},"end":{"line":57,"column":49}},"line":57},"7":{"name":"(anonymous_7)","decl":{"start":{"line":62,"column":29},"end":{"line":62,"column":30}},"loc":{"start":{"line":62,"column":35},"end":{"line":62,"column":47}},"line":62},"8":{"name":"(anonymous_8)","decl":{"start":{"line":68,"column":33},"end":{"line":68,"column":34}},"loc":{"start":{"line":68,"column":46},"end":{"line":68,"column":69}},"line":68},"9":{"name":"(anonymous_9)","decl":{"start":{"line":69,"column":35},"end":{"line":69,"column":36}},"loc":{"start":{"line":69,"column":41},"end":{"line":69,"column":60}},"line":69}},"branchMap":{},"s":{"0":3,"1":3,"2":3,"3":0,"4":0,"5":1,"6":0,"7":3,"8":3,"9":0,"10":0,"11":0,"12":0,"13":1,"14":1},"f":{"0":3,"1":0,"2":0,"3":1,"4":0,"5":3,"6":0,"7":0,"8":0,"9":0},"b":{},"_coverageSchema":"332fd63041d2c1bcb487cc26dd0d5f7d97098a6c","hash":"8b83d55679d36429a759cfe362af9d7f9ee56182"}
,"D:\\Kamal\\reactappKJ\\src\\app\\cart\\components\\CartItem.js": {"path":"D:\\Kamal\\reactappKJ\\src\\app\\cart\\components\\CartItem.js","statementMap":{"0":{"start":{"line":13,"column":8},"end":{"line":13,"column":29}},"1":{"start":{"line":15,"column":8},"end":{"line":17,"column":9}},"2":{"start":{"line":25,"column":8},"end":{"line":25,"column":36}},"3":{"start":{"line":26,"column":8},"end":{"line":28,"column":10}},"4":{"start":{"line":34,"column":8},"end":{"line":34,"column":72}},"5":{"start":{"line":43,"column":12},"end":{"line":43,"column":22}},"6":{"start":{"line":45,"column":8},"end":{"line":76,"column":9}},"7":{"start":{"line":53,"column":44},"end":{"line":53,"column":65}},"8":{"start":{"line":54,"column":39},"end":{"line":54,"column":71}},"9":{"start":{"line":64,"column":42},"end":{"line":64,"column":75}},"10":{"start":{"line":71,"column":44},"end":{"line":71,"column":61}},"11":{"start":{"line":81,"column":0},"end":{"line":83,"column":1}},"12":{"start":{"line":85,"column":0},"end":{"line":87,"column":1}}},"fnMap":{"0":{"name":"(anonymous_0)","decl":{"start":{"line":12,"column":4},"end":{"line":12,"column":5}},"loc":{"start":{"line":12,"column":31},"end":{"line":18,"column":5}},"line":12},"1":{"name":"(anonymous_1)","decl":{"start":{"line":20,"column":4},"end":{"line":20,"column":5}},"loc":{"start":{"line":20,"column":24},"end":{"line":22,"column":5}},"line":20},"2":{"name":"(anonymous_2)","decl":{"start":{"line":24,"column":4},"end":{"line":24,"column":5}},"loc":{"start":{"line":24,"column":21},"end":{"line":29,"column":5}},"line":24},"3":{"name":"(anonymous_3)","decl":{"start":{"line":32,"column":4},"end":{"line":32,"column":5}},"loc":{"start":{"line":32,"column":13},"end":{"line":77,"column":5}},"line":32},"4":{"name":"(anonymous_4)","decl":{"start":{"line":53,"column":37},"end":{"line":53,"column":38}},"loc":{"start":{"line":53,"column":44},"end":{"line":53,"column":65}},"line":53},"5":{"name":"(anonymous_5)","decl":{"start":{"line":54,"column":34},"end":{"line":54,"column":35}},"loc":{"start":{"line":54,"column":39},"end":{"line":54,"column":71}},"line":54},"6":{"name":"(anonymous_6)","decl":{"start":{"line":64,"column":37},"end":{"line":64,"column":38}},"loc":{"start":{"line":64,"column":42},"end":{"line":64,"column":75}},"line":64},"7":{"name":"(anonymous_7)","decl":{"start":{"line":71,"column":38},"end":{"line":71,"column":39}},"loc":{"start":{"line":71,"column":44},"end":{"line":71,"column":61}},"line":71}},"branchMap":{},"s":{"0":2,"1":2,"2":0,"3":0,"4":2,"5":2,"6":2,"7":0,"8":0,"9":0,"10":0,"11":1,"12":1},"f":{"0":2,"1":2,"2":0,"3":2,"4":0,"5":0,"6":0,"7":0},"b":{},"_coverageSchema":"332fd63041d2c1bcb487cc26dd0d5f7d97098a6c","hash":"689c3aca9ec1c862dd1aaa9b2edc38aaf84029b0"}
,"D:\\Kamal\\reactappKJ\\src\\app\\cart\\components\\CartList.js": {"path":"D:\\Kamal\\reactappKJ\\src\\app\\cart\\components\\CartList.js","statementMap":{"0":{"start":{"line":8,"column":8},"end":{"line":8,"column":47}},"1":{"start":{"line":10,"column":20},"end":{"line":10,"column":31}},"2":{"start":{"line":12,"column":19},"end":{"line":18,"column":10}},"3":{"start":{"line":13,"column":12},"end":{"line":17,"column":14}},"4":{"start":{"line":20,"column":8},"end":{"line":38,"column":9}},"5":{"start":{"line":42,"column":0},"end":{"line":44,"column":1}},"6":{"start":{"line":46,"column":0},"end":{"line":48,"column":1}}},"fnMap":{"0":{"name":"CartList","decl":{"start":{"line":7,"column":24},"end":{"line":7,"column":32}},"loc":{"start":{"line":7,"column":40},"end":{"line":39,"column":1}},"line":7},"1":{"name":"(anonymous_1)","decl":{"start":{"line":12,"column":31},"end":{"line":12,"column":32}},"loc":{"start":{"line":13,"column":12},"end":{"line":17,"column":14}},"line":13}},"branchMap":{},"s":{"0":3,"1":3,"2":3,"3":2,"4":3,"5":1,"6":1},"f":{"0":3,"1":2},"b":{},"_coverageSchema":"332fd63041d2c1bcb487cc26dd0d5f7d97098a6c","hash":"53596520b63b4253f218e89d689106c56cad61a3"}
,"D:\\Kamal\\reactappKJ\\src\\app\\cart\\components\\CartSummary.js": {"path":"D:\\Kamal\\reactappKJ\\src\\app\\cart\\components\\CartSummary.js","statementMap":{"0":{"start":{"line":6,"column":4},"end":{"line":6,"column":40}},"1":{"start":{"line":7,"column":8},"end":{"line":11,"column":9}},"2":{"start":{"line":14,"column":0},"end":{"line":16,"column":1}},"3":{"start":{"line":18,"column":0},"end":{"line":20,"column":1}},"4":{"start":{"line":22,"column":0},"end":{"line":24,"column":1}}},"fnMap":{"0":{"name":"CartSummary","decl":{"start":{"line":5,"column":24},"end":{"line":5,"column":35}},"loc":{"start":{"line":5,"column":51},"end":{"line":12,"column":1}},"line":5}},"branchMap":{},"s":{"0":3,"1":3,"2":1,"3":1,"4":1},"f":{"0":3},"b":{},"_coverageSchema":"332fd63041d2c1bcb487cc26dd0d5f7d97098a6c","hash":"1f310cb073cfe2671e23ab16bb0cd1587470b2fe"}
}
