TN:
SF:D:\Kamal\reactappKJ\src\app\cart\ActionTypes.js
FNF:0
FNH:0
DA:1,1
DA:2,1
DA:3,1
DA:4,1
LF:4
LH:4
BRF:0
BRH:0
end_of_record
TN:
SF:D:\Kamal\reactappKJ\src\app\cart\Reducer.js
FN:5,cartReducer
FN:10,(anonymous_1)
FN:15,(anonymous_2)
FN:24,(anonymous_3)
FN:28,(anonymous_4)
FNF:5
FNH:1
FNDA:2,cartReducer
FNDA:0,(anonymous_1)
FNDA:0,(anonymous_2)
FNDA:0,(anonymous_3)
FNDA:0,(anonymous_4)
DA:3,1
DA:6,2
DA:8,2
DA:10,0
DA:11,0
DA:12,0
DA:15,0
DA:16,0
DA:17,0
DA:19,0
DA:24,0
DA:28,0
DA:29,0
DA:30,0
DA:31,0
DA:32,0
DA:37,0
DA:41,2
LF:18
LH:4
BRDA:5,0,0,1
BRDA:8,1,0,0
BRDA:8,1,1,0
BRDA:8,1,2,0
BRDA:8,1,3,0
BRDA:8,1,4,2
BRDA:11,2,0,0
BRDA:11,2,1,0
BRDA:16,3,0,0
BRDA:16,3,1,0
BRDA:29,4,0,0
BRDA:29,4,1,0
BRF:12
BRH:2
end_of_record
TN:
SF:D:\Kamal\reactappKJ\src\app\cart\components\Cart.js
FN:10,(anonymous_0)
FN:19,(anonymous_1)
FN:32,(anonymous_2)
FN:36,(anonymous_3)
FN:42,(anonymous_4)
FN:50,(anonymous_5)
FN:57,(anonymous_6)
FN:62,(anonymous_7)
FN:68,(anonymous_8)
FN:69,(anonymous_9)
FNF:10
FNH:3
FNDA:3,(anonymous_0)
FNDA:0,(anonymous_1)
FNDA:0,(anonymous_2)
FNDA:1,(anonymous_3)
FNDA:0,(anonymous_4)
FNDA:3,(anonymous_5)
FNDA:0,(anonymous_6)
FNDA:0,(anonymous_7)
FNDA:0,(anonymous_8)
FNDA:0,(anonymous_9)
DA:12,3
DA:14,3
DA:16,3
DA:21,0
DA:29,0
DA:38,1
DA:44,0
DA:51,3
DA:53,3
DA:57,0
DA:62,0
DA:68,0
DA:69,0
DA:81,1
DA:85,1
LF:15
LH:8
BRF:0
BRH:0
end_of_record
TN:
SF:D:\Kamal\reactappKJ\src\app\cart\components\CartItem.js
FN:12,(anonymous_0)
FN:20,(anonymous_1)
FN:24,(anonymous_2)
FN:32,(anonymous_3)
FN:53,(anonymous_4)
FN:54,(anonymous_5)
FN:64,(anonymous_6)
FN:71,(anonymous_7)
FNF:8
FNH:3
FNDA:2,(anonymous_0)
FNDA:2,(anonymous_1)
FNDA:0,(anonymous_2)
FNDA:2,(anonymous_3)
FNDA:0,(anonymous_4)
FNDA:0,(anonymous_5)
FNDA:0,(anonymous_6)
FNDA:0,(anonymous_7)
DA:13,2
DA:15,2
DA:25,0
DA:26,0
DA:34,2
DA:43,2
DA:45,2
DA:53,0
DA:54,0
DA:64,0
DA:71,0
DA:81,1
DA:85,1
LF:13
LH:7
BRF:0
BRH:0
end_of_record
TN:
SF:D:\Kamal\reactappKJ\src\app\cart\components\CartList.js
FN:7,CartList
FN:12,(anonymous_1)
FNF:2
FNH:2
FNDA:3,CartList
FNDA:2,(anonymous_1)
DA:8,3
DA:10,3
DA:12,3
DA:13,2
DA:20,3
DA:42,1
DA:46,1
LF:7
LH:7
BRF:0
BRH:0
end_of_record
TN:
SF:D:\Kamal\reactappKJ\src\app\cart\components\CartSummary.js
FN:5,CartSummary
FNF:1
FNH:1
FNDA:3,CartSummary
DA:6,3
DA:7,3
DA:14,1
DA:18,1
DA:22,1
LF:5
LH:5
BRF:0
BRH:0
end_of_record
